# JRE version: Java(TM) SE Runtime Environment (8.0_151-b12) (build 1.8.0_151-b12)
# Java VM: Java HotSpot(TM) 64-Bit Server VM (25.151-b12 mixed mode windows-amd64 compressed oops)
Heap:
 PSYoungGen      total 66560K, used 49614K [0x000000076af80000, 0x000000076fc80000, 0x00000007c0000000)
  eden space 56320K, 87% used [0x000000076af80000,0x000000076dfdba78,0x000000076e680000)
  from space 10240K, 0% used [0x000000076f280000,0x000000076f298000,0x000000076fc80000)
  to   space 11264K, 0% used [0x000000076e680000,0x000000076e680000,0x000000076f180000)
 ParOldGen       total 175104K, used 5257K [0x00000006c0e00000, 0x00000006cb900000, 0x000000076af80000)
  object space 175104K, 3% used [0x00000006c0e00000,0x00000006c13224e0,0x00000006cb900000)
 Metaspace       used 18218K, capacity 18713K, committed 18944K, reserved 1067008K
  class space    used 1758K, capacity 1924K, committed 2048K, reserved 1048576K
GC Heap History (10 events):
Event: 30.499 GC heap before
{Heap before GC invocations=8 (full 0):
 PSYoungGen      total 71168K, used 61568K [0x000000076af80000, 0x0000000770080000, 0x00000007c0000000)
  eden space 61440K, 100% used [0x000000076af80000,0x000000076eb80000,0x000000076eb80000)
  from space 9728K, 1% used [0x000000076ec80000,0x000000076eca0000,0x000000076f600000)
  to   space 10752K, 0% used [0x000000076f600000,0x000000076f600000,0x0000000770080000)
 ParOldGen       total 175104K, used 5209K [0x00000006c0e00000, 0x00000006cb900000, 0x000000076af80000)
  object space 175104K, 2% used [0x00000006c0e00000,0x00000006c13164e0,0x00000006cb900000)
 Metaspace       used 18214K, capacity 18713K, committed 18944K, reserved 1067008K
  class space    used 1757K, capacity 1924K, committed 2048K, reserved 1048576K
Event: 30.499 GC heap after
Heap after GC invocations=8 (full 0):
 PSYoungGen      total 71168K, used 96K [0x000000076af80000, 0x0000000770080000, 0x00000007c0000000)
  eden space 60416K, 0% used [0x000000076af80000,0x000000076af80000,0x000000076ea80000)
  from space 10752K, 0% used [0x000000076f600000,0x000000076f618000,0x0000000770080000)
  to   space 11264K, 0% used [0x000000076ea80000,0x000000076ea80000,0x000000076f580000)
 ParOldGen       total 175104K, used 5241K [0x00000006c0e00000, 0x00000006cb900000, 0x000000076af80000)
  object space 175104K, 2% used [0x00000006c0e00000,0x00000006c131e4e0,0x00000006cb900000)
 Metaspace       used 18214K, capacity 18713K, committed 18944K, reserved 1067008K
  class space    used 1757K, capacity 1924K, committed 2048K, reserved 1048576K
}
Event: 33.985 GC heap before
{Heap before GC invocations=9 (full 0):
 PSYoungGen      total 71168K, used 60512K [0x000000076af80000, 0x0000000770080000, 0x00000007c0000000)
  eden space 60416K, 100% used [0x000000076af80000,0x000000076ea80000,0x000000076ea80000)
  from space 10752K, 0% used [0x000000076f600000,0x000000076f618000,0x0000000770080000)
  to   space 11264K, 0% used [0x000000076ea80000,0x000000076ea80000,0x000000076f580000)
 ParOldGen       total 175104K, used 5241K [0x00000006c0e00000, 0x00000006cb900000, 0x000000076af80000)
  object space 175104K, 2% used [0x00000006c0e00000,0x00000006c131e4e0,0x00000006cb900000)
 Metaspace       used 18214K, capacity 18713K, committed 18944K, reserved 1067008K
  class space    used 1757K, capacity 1924K, committed 2048K, reserved 1048576K
Event: 33.985 GC heap after
Heap after GC invocations=9 (full 0):
 PSYoungGen      total 59904K, used 96K [0x000000076af80000, 0x000000076ff80000, 0x00000007c0000000)
  eden space 59392K, 0% used [0x000000076af80000,0x000000076af80000,0x000000076e980000)
  from space 512K, 18% used [0x000000076ea80000,0x000000076ea98000,0x000000076eb00000)
  to   space 11264K, 0% used [0x000000076f480000,0x000000076f480000,0x000000076ff80000)
 ParOldGen       total 175104K, used 5257K [0x00000006c0e00000, 0x00000006cb900000, 0x000000076af80000)
  object space 175104K, 3% used [0x00000006c0e00000,0x00000006c13224e0,0x00000006cb900000)
 Metaspace       used 18214K, capacity 18713K, committed 18944K, reserved 1067008K
  class space    used 1757K, capacity 1924K, committed 2048K, reserved 1048576K
}
Event: 37.758 GC heap before
{Heap before GC invocations=10 (full 0):
 PSYoungGen      total 59904K, used 59488K [0x000000076af80000, 0x000000076ff80000, 0x00000007c0000000)
  eden space 59392K, 100% used [0x000000076af80000,0x000000076e980000,0x000000076e980000)
  from space 512K, 18% used [0x000000076ea80000,0x000000076ea98000,0x000000076eb00000)
  to   space 11264K, 0% used [0x000000076f480000,0x000000076f480000,0x000000076ff80000)
 ParOldGen       total 175104K, used 5257K [0x00000006c0e00000, 0x00000006cb900000, 0x000000076af80000)
  object space 175104K, 3% used [0x00000006c0e00000,0x00000006c13224e0,0x00000006cb900000)
 Metaspace       used 18214K, capacity 18713K, committed 18944K, reserved 1067008K
  class space    used 1757K, capacity 1924K, committed 2048K, reserved 1048576K
Event: 37.758 GC heap after
Heap after GC invocations=10 (full 0):
 PSYoungGen      total 68608K, used 96K [0x000000076af80000, 0x000000076fe80000, 0x00000007c0000000)
  eden space 58368K, 0% used [0x000000076af80000,0x000000076af80000,0x000000076e880000)
  from space 10240K, 0% used [0x000000076f480000,0x000000076f498000,0x000000076fe80000)
  to   space 11264K, 0% used [0x000000076e880000,0x000000076e880000,0x000000076f380000)
 ParOldGen       total 175104K, used 5257K [0x00000006c0e00000, 0x00000006cb900000, 0x000000076af80000)
  object space 175104K, 3% used [0x00000006c0e00000,0x00000006c13224e0,0x00000006cb900000)
 Metaspace       used 18214K, capacity 18713K, committed 18944K, reserved 1067008K
  class space    used 1757K, capacity 1924K, committed 2048K, reserved 1048576K
}
Event: 40.943 GC heap before
{Heap before GC invocations=11 (full 0):
 PSYoungGen      total 68608K, used 58464K [0x000000076af80000, 0x000000076fe80000, 0x00000007c0000000)
  eden space 58368K, 100% used [0x000000076af80000,0x000000076e880000,0x000000076e880000)
  from space 10240K, 0% used [0x000000076f480000,0x000000076f498000,0x000000076fe80000)
  to   space 11264K, 0% used [0x000000076e880000,0x000000076e880000,0x000000076f380000)
 ParOldGen       total 175104K, used 5257K [0x00000006c0e00000, 0x00000006cb900000, 0x000000076af80000)
  object space 175104K, 3% used [0x00000006c0e00000,0x00000006c13224e0,0x00000006cb900000)
 Metaspace       used 18214K, capacity 18713K, committed 18944K, reserved 1067008K
  class space    used 1757K, capacity 1924K, committed 2048K, reserved 1048576K
Event: 40.944 GC heap after
Heap after GC invocations=11 (full 0):
 PSYoungGen      total 57856K, used 96K [0x000000076af80000, 0x000000076fd80000, 0x00000007c0000000)
  eden space 57344K, 0% used [0x000000076af80000,0x000000076af80000,0x000000076e780000)
  from space 512K, 18% used [0x000000076e880000,0x000000076e898000,0x000000076e900000)
  to   space 11264K, 0% used [0x000000076f280000,0x000000076f280000,0x000000076fd80000)
 ParOldGen       total 175104K, used 5257K [0x00000006c0e00000, 0x00000006cb900000, 0x000000076af80000)
  object space 175104K, 3% used [0x00000006c0e00000,0x00000006c13224e0,0x00000006cb900000)
 Metaspace       used 18214K, capacity 18713K, committed 18944K, reserved 1067008K
  class space    used 1757K, capacity 1924K, committed 2048K, reserved 1048576K
}
Event: 43.545 GC heap before
{Heap before GC invocations=12 (full 0):
 PSYoungGen      total 57856K, used 57440K [0x000000076af80000, 0x000000076fd80000, 0x00000007c0000000)
  eden space 57344K, 100% used [0x000000076af80000,0x000000076e780000,0x000000076e780000)
  from space 512K, 18% used [0x000000076e880000,0x000000076e898000,0x000000076e900000)
  to   space 11264K, 0% used [0x000000076f280000,0x000000076f280000,0x000000076fd80000)
 ParOldGen       total 175104K, used 5257K [0x00000006c0e00000, 0x00000006cb900000, 0x000000076af80000)
  object space 175104K, 3% used [0x00000006c0e00000,0x00000006c13224e0,0x00000006cb900000)
 Metaspace       used 18214K, capacity 18713K, committed 18944K, reserved 1067008K
  class space    used 1757K, capacity 1924K, committed 2048K, reserved 1048576K
Event: 43.546 GC heap after
Heap after GC invocations=12 (full 0):
 PSYoungGen      total 66560K, used 96K [0x000000076af80000, 0x000000076fc80000, 0x00000007c0000000)
  eden space 56320K, 0% used [0x000000076af80000,0x000000076af80000,0x000000076e680000)
  from space 10240K, 0% used [0x000000076f280000,0x000000076f298000,0x000000076fc80000)
  to   space 11264K, 0% used [0x000000076e680000,0x000000076e680000,0x000000076f180000)
 ParOldGen       total 175104K, used 5257K [0x00000006c0e00000, 0x00000006cb900000, 0x000000076af80000)
  object space 175104K, 3% used [0x00000006c0e00000,0x00000006c13224e0,0x00000006cb900000)
 Metaspace       used 18214K, capacity 18713K, committed 18944K, reserved 1067008K
  class space    used 1757K, capacity 1924K, committed 2048K, reserved 1048576K
}

