# JRE version: Java(TM) SE Runtime Environment (8.0_151-b12) (build 1.8.0_151-b12)
# Java VM: Java HotSpot(TM) 64-Bit Server VM (25.151-b12 mixed mode windows-amd64 compressed oops)
Heap:
 PSYoungGen      total 70144K, used 14549K [0x000000076af80000, 0x000000076ff80000, 0x00000007c0000000)
  eden space 60416K, 23% used [0x000000076af80000,0x000000076bd9d690,0x000000076ea80000)
  from space 9728K, 0% used [0x000000076f600000,0x000000076f618000,0x000000076ff80000)
  to   space 10752K, 0% used [0x000000076ea80000,0x000000076ea80000,0x000000076f500000)
 ParOldGen       total 175104K, used 5242K [0x00000006c0e00000, 0x00000006cb900000, 0x000000076af80000)
  object space 175104K, 2% used [0x00000006c0e00000,0x00000006c131eba8,0x00000006cb900000)
 Metaspace       used 18221K, capacity 18713K, committed 18944K, reserved 1067008K
  class space    used 1758K, capacity 1924K, committed 2048K, reserved 1048576K
GC Heap History (10 events):
Event: 14.360 GC heap before
{Heap before GC invocations=4 (full 0):
 PSYoungGen      total 76288K, used 70778K [0x000000076af80000, 0x0000000770480000, 0x00000007c0000000)
  eden space 65536K, 100% used [0x000000076af80000,0x000000076ef80000,0x000000076ef80000)
  from space 10752K, 48% used [0x000000076ef80000,0x000000076f49e870,0x000000076fa00000)
  to   space 10752K, 0% used [0x000000076fa00000,0x000000076fa00000,0x0000000770480000)
 ParOldGen       total 175104K, used 32K [0x00000006c0e00000, 0x00000006cb900000, 0x000000076af80000)
  object space 175104K, 0% used [0x00000006c0e00000,0x00000006c0e08000,0x00000006cb900000)
 Metaspace       used 18215K, capacity 18713K, committed 18944K, reserved 1067008K
  class space    used 1757K, capacity 1924K, committed 2048K, reserved 1048576K
Event: 14.364 GC heap after
Heap after GC invocations=4 (full 0):
 PSYoungGen      total 76288K, used 5304K [0x000000076af80000, 0x0000000770480000, 0x00000007c0000000)
  eden space 65536K, 0% used [0x000000076af80000,0x000000076af80000,0x000000076ef80000)
  from space 10752K, 49% used [0x000000076fa00000,0x000000076ff2e018,0x0000000770480000)
  to   space 10752K, 0% used [0x000000076ef80000,0x000000076ef80000,0x000000076fa00000)
 ParOldGen       total 175104K, used 40K [0x00000006c0e00000, 0x00000006cb900000, 0x000000076af80000)
  object space 175104K, 0% used [0x00000006c0e00000,0x00000006c0e0a000,0x00000006cb900000)
 Metaspace       used 18215K, capacity 18713K, committed 18944K, reserved 1067008K
  class space    used 1757K, capacity 1924K, committed 2048K, reserved 1048576K
}
Event: 18.419 GC heap before
{Heap before GC invocations=5 (full 0):
 PSYoungGen      total 76288K, used 70840K [0x000000076af80000, 0x0000000770480000, 0x00000007c0000000)
  eden space 65536K, 100% used [0x000000076af80000,0x000000076ef80000,0x000000076ef80000)
  from space 10752K, 49% used [0x000000076fa00000,0x000000076ff2e018,0x0000000770480000)
  to   space 10752K, 0% used [0x000000076ef80000,0x000000076ef80000,0x000000076fa00000)
 ParOldGen       total 175104K, used 40K [0x00000006c0e00000, 0x00000006cb900000, 0x000000076af80000)
  object space 175104K, 0% used [0x00000006c0e00000,0x00000006c0e0a000,0x00000006cb900000)
 Metaspace       used 18215K, capacity 18713K, committed 18944K, reserved 1067008K
  class space    used 1757K, capacity 1924K, committed 2048K, reserved 1048576K
Event: 18.423 GC heap after
Heap after GC invocations=5 (full 0):
 PSYoungGen      total 69632K, used 5289K [0x000000076af80000, 0x0000000770200000, 0x00000007c0000000)
  eden space 64000K, 0% used [0x000000076af80000,0x000000076af80000,0x000000076ee00000)
  from space 5632K, 93% used [0x000000076ef80000,0x000000076f4aa420,0x000000076f500000)
  to   space 10240K, 0% used [0x000000076f800000,0x000000076f800000,0x0000000770200000)
 ParOldGen       total 175104K, used 40K [0x00000006c0e00000, 0x00000006cb900000, 0x000000076af80000)
  object space 175104K, 0% used [0x00000006c0e00000,0x00000006c0e0a000,0x00000006cb900000)
 Metaspace       used 18215K, capacity 18713K, committed 18944K, reserved 1067008K
  class space    used 1757K, capacity 1924K, committed 2048K, reserved 1048576K
}
Event: 21.453 GC heap before
{Heap before GC invocations=6 (full 0):
 PSYoungGen      total 69632K, used 69289K [0x000000076af80000, 0x0000000770200000, 0x00000007c0000000)
  eden space 64000K, 100% used [0x000000076af80000,0x000000076ee00000,0x000000076ee00000)
  from space 5632K, 93% used [0x000000076ef80000,0x000000076f4aa420,0x000000076f500000)
  to   space 10240K, 0% used [0x000000076f800000,0x000000076f800000,0x0000000770200000)
 ParOldGen       total 175104K, used 40K [0x00000006c0e00000, 0x00000006cb900000, 0x000000076af80000)
  object space 175104K, 0% used [0x00000006c0e00000,0x00000006c0e0a000,0x00000006cb900000)
 Metaspace       used 18216K, capacity 18713K, committed 18944K, reserved 1067008K
  class space    used 1757K, capacity 1924K, committed 2048K, reserved 1048576K
Event: 21.456 GC heap after
Heap after GC invocations=6 (full 0):
 PSYoungGen      total 70144K, used 5321K [0x000000076af80000, 0x000000076ff80000, 0x00000007c0000000)
  eden space 62464K, 0% used [0x000000076af80000,0x000000076af80000,0x000000076ec80000)
  from space 7680K, 69% used [0x000000076f800000,0x000000076fd32420,0x000000076ff80000)
  to   space 9728K, 0% used [0x000000076ec80000,0x000000076ec80000,0x000000076f600000)
 ParOldGen       total 175104K, used 48K [0x00000006c0e00000, 0x00000006cb900000, 0x000000076af80000)
  object space 175104K, 0% used [0x00000006c0e00000,0x00000006c0e0c000,0x00000006cb900000)
 Metaspace       used 18216K, capacity 18713K, committed 18944K, reserved 1067008K
  class space    used 1757K, capacity 1924K, committed 2048K, reserved 1048576K
}
Event: 24.439 GC heap before
{Heap before GC invocations=7 (full 0):
 PSYoungGen      total 70144K, used 67785K [0x000000076af80000, 0x000000076ff80000, 0x00000007c0000000)
  eden space 62464K, 100% used [0x000000076af80000,0x000000076ec80000,0x000000076ec80000)
  from space 7680K, 69% used [0x000000076f800000,0x000000076fd32420,0x000000076ff80000)
  to   space 9728K, 0% used [0x000000076ec80000,0x000000076ec80000,0x000000076f600000)
 ParOldGen       total 175104K, used 48K [0x00000006c0e00000, 0x00000006cb900000, 0x000000076af80000)
  object space 175104K, 0% used [0x00000006c0e00000,0x00000006c0e0c000,0x00000006cb900000)
 Metaspace       used 18216K, capacity 18713K, committed 18944K, reserved 1067008K
  class space    used 1757K, capacity 1924K, committed 2048K, reserved 1048576K
Event: 24.443 GC heap after
Heap after GC invocations=7 (full 0):
 PSYoungGen      total 71168K, used 128K [0x000000076af80000, 0x0000000770080000, 0x00000007c0000000)
  eden space 61440K, 0% used [0x000000076af80000,0x000000076af80000,0x000000076eb80000)
  from space 9728K, 1% used [0x000000076ec80000,0x000000076eca0000,0x000000076f600000)
  to   space 10752K, 0% used [0x000000076f600000,0x000000076f600000,0x0000000770080000)
 ParOldGen       total 175104K, used 5218K [0x00000006c0e00000, 0x00000006cb900000, 0x000000076af80000)
  object space 175104K, 2% used [0x00000006c0e00000,0x00000006c1318ba8,0x00000006cb900000)
 Metaspace       used 18216K, capacity 18713K, committed 18944K, reserved 1067008K
  class space    used 1757K, capacity 1924K, committed 2048K, reserved 1048576K
}
Event: 28.967 GC heap before
{Heap before GC invocations=8 (full 0):
 PSYoungGen      total 71168K, used 61568K [0x000000076af80000, 0x0000000770080000, 0x00000007c0000000)
  eden space 61440K, 100% used [0x000000076af80000,0x000000076eb80000,0x000000076eb80000)
  from space 9728K, 1% used [0x000000076ec80000,0x000000076eca0000,0x000000076f600000)
  to   space 10752K, 0% used [0x000000076f600000,0x000000076f600000,0x0000000770080000)
 ParOldGen       total 175104K, used 5218K [0x00000006c0e00000, 0x00000006cb900000, 0x000000076af80000)
  object space 175104K, 2% used [0x00000006c0e00000,0x00000006c1318ba8,0x00000006cb900000)
 Metaspace       used 18216K, capacity 18713K, committed 18944K, reserved 1067008K
  class space    used 1757K, capacity 1924K, committed 2048K, reserved 1048576K
Event: 28.968 GC heap after
Heap after GC invocations=8 (full 0):
 PSYoungGen      total 70144K, used 96K [0x000000076af80000, 0x000000076ff80000, 0x00000007c0000000)
  eden space 60416K, 0% used [0x000000076af80000,0x000000076af80000,0x000000076ea80000)
  from space 9728K, 0% used [0x000000076f600000,0x000000076f618000,0x000000076ff80000)
  to   space 10752K, 0% used [0x000000076ea80000,0x000000076ea80000,0x000000076f500000)
 ParOldGen       total 175104K, used 5242K [0x00000006c0e00000, 0x00000006cb900000, 0x000000076af80000)
  object space 175104K, 2% used [0x00000006c0e00000,0x00000006c131eba8,0x00000006cb900000)
 Metaspace       used 18216K, capacity 18713K, committed 18944K, reserved 1067008K
  class space    used 1757K, capacity 1924K, committed 2048K, reserved 1048576K
}

