# JRE version: Java(TM) SE Runtime Environment (8.0_151-b12) (build 1.8.0_151-b12)
# Java VM: Java HotSpot(TM) 64-Bit Server VM (25.151-b12 mixed mode windows-amd64 compressed oops)
Heap:
 PSYoungGen      total 69632K, used 28037K [0x000000076af80000, 0x0000000770200000, 0x00000007c0000000)
  eden space 64000K, 35% used [0x000000076af80000,0x000000076c5b6c80,0x000000076ee00000)
  from space 5632K, 93% used [0x000000076ef80000,0x000000076f4aa860,0x000000076f500000)
  to   space 10240K, 0% used [0x000000076f800000,0x000000076f800000,0x0000000770200000)
 ParOldGen       total 175104K, used 48K [0x00000006c0e00000, 0x00000006cb900000, 0x000000076af80000)
  object space 175104K, 0% used [0x00000006c0e00000,0x00000006c0e0c000,0x00000006cb900000)
 Metaspace       used 18207K, capacity 18649K, committed 18944K, reserved 1067008K
  class space    used 1758K, capacity 1924K, committed 2048K, reserved 1048576K
GC Heap History (10 events):
Event: 1.443 GC heap before
{Heap before GC invocations=1 (full 0):
 PSYoungGen      total 76288K, used 65536K [0x000000076af80000, 0x0000000770480000, 0x00000007c0000000)
  eden space 65536K, 100% used [0x000000076af80000,0x000000076ef80000,0x000000076ef80000)
  from space 10752K, 0% used [0x000000076fa00000,0x000000076fa00000,0x0000000770480000)
  to   space 10752K, 0% used [0x000000076ef80000,0x000000076ef80000,0x000000076fa00000)
 ParOldGen       total 175104K, used 0K [0x00000006c0e00000, 0x00000006cb900000, 0x000000076af80000)
  object space 175104K, 0% used [0x00000006c0e00000,0x00000006c0e00000,0x00000006cb900000)
 Metaspace       used 17225K, capacity 17713K, committed 17792K, reserved 1064960K
  class space    used 1719K, capacity 1890K, committed 1920K, reserved 1048576K
Event: 1.449 GC heap after
Heap after GC invocations=1 (full 0):
 PSYoungGen      total 76288K, used 9798K [0x000000076af80000, 0x0000000770480000, 0x00000007c0000000)
  eden space 65536K, 0% used [0x000000076af80000,0x000000076af80000,0x000000076ef80000)
  from space 10752K, 91% used [0x000000076ef80000,0x000000076f911b88,0x000000076fa00000)
  to   space 10752K, 0% used [0x000000076fa00000,0x000000076fa00000,0x0000000770480000)
 ParOldGen       total 175104K, used 16K [0x00000006c0e00000, 0x00000006cb900000, 0x000000076af80000)
  object space 175104K, 0% used [0x00000006c0e00000,0x00000006c0e04000,0x00000006cb900000)
 Metaspace       used 17225K, capacity 17713K, committed 17792K, reserved 1064960K
  class space    used 1719K, capacity 1890K, committed 1920K, reserved 1048576K
}
Event: 6.456 GC heap before
{Heap before GC invocations=2 (full 0):
 PSYoungGen      total 76288K, used 75334K [0x000000076af80000, 0x0000000770480000, 0x00000007c0000000)
  eden space 65536K, 100% used [0x000000076af80000,0x000000076ef80000,0x000000076ef80000)
  from space 10752K, 91% used [0x000000076ef80000,0x000000076f911b88,0x000000076fa00000)
  to   space 10752K, 0% used [0x000000076fa00000,0x000000076fa00000,0x0000000770480000)
 ParOldGen       total 175104K, used 16K [0x00000006c0e00000, 0x00000006cb900000, 0x000000076af80000)
  object space 175104K, 0% used [0x00000006c0e00000,0x00000006c0e04000,0x00000006cb900000)
 Metaspace       used 18189K, capacity 18649K, committed 18944K, reserved 1067008K
  class space    used 1757K, capacity 1924K, committed 2048K, reserved 1048576K
Event: 6.460 GC heap after
Heap after GC invocations=2 (full 0):
 PSYoungGen      total 76288K, used 5737K [0x000000076af80000, 0x0000000770480000, 0x00000007c0000000)
  eden space 65536K, 0% used [0x000000076af80000,0x000000076af80000,0x000000076ef80000)
  from space 10752K, 53% used [0x000000076fa00000,0x000000076ff9a420,0x0000000770480000)
  to   space 10752K, 0% used [0x000000076ef80000,0x000000076ef80000,0x000000076fa00000)
 ParOldGen       total 175104K, used 24K [0x00000006c0e00000, 0x00000006cb900000, 0x000000076af80000)
  object space 175104K, 0% used [0x00000006c0e00000,0x00000006c0e06000,0x00000006cb900000)
 Metaspace       used 18189K, capacity 18649K, committed 18944K, reserved 1067008K
  class space    used 1757K, capacity 1924K, committed 2048K, reserved 1048576K
}
Event: 12.182 GC heap before
{Heap before GC invocations=3 (full 0):
 PSYoungGen      total 76288K, used 71273K [0x000000076af80000, 0x0000000770480000, 0x00000007c0000000)
  eden space 65536K, 100% used [0x000000076af80000,0x000000076ef80000,0x000000076ef80000)
  from space 10752K, 53% used [0x000000076fa00000,0x000000076ff9a420,0x0000000770480000)
  to   space 10752K, 0% used [0x000000076ef80000,0x000000076ef80000,0x000000076fa00000)
 ParOldGen       total 175104K, used 24K [0x00000006c0e00000, 0x00000006cb900000, 0x000000076af80000)
  object space 175104K, 0% used [0x00000006c0e00000,0x00000006c0e06000,0x00000006cb900000)
 Metaspace       used 18202K, capacity 18649K, committed 18944K, reserved 1067008K
  class space    used 1757K, capacity 1924K, committed 2048K, reserved 1048576K
Event: 12.186 GC heap after
Heap after GC invocations=3 (full 0):
 PSYoungGen      total 76288K, used 5257K [0x000000076af80000, 0x0000000770480000, 0x00000007c0000000)
  eden space 65536K, 0% used [0x000000076af80000,0x000000076af80000,0x000000076ef80000)
  from space 10752K, 48% used [0x000000076ef80000,0x000000076f4a2420,0x000000076fa00000)
  to   space 10752K, 0% used [0x000000076fa00000,0x000000076fa00000,0x0000000770480000)
 ParOldGen       total 175104K, used 32K [0x00000006c0e00000, 0x00000006cb900000, 0x000000076af80000)
  object space 175104K, 0% used [0x00000006c0e00000,0x00000006c0e08000,0x00000006cb900000)
 Metaspace       used 18202K, capacity 18649K, committed 18944K, reserved 1067008K
  class space    used 1757K, capacity 1924K, committed 2048K, reserved 1048576K
}
Event: 17.636 GC heap before
{Heap before GC invocations=4 (full 0):
 PSYoungGen      total 76288K, used 70793K [0x000000076af80000, 0x0000000770480000, 0x00000007c0000000)
  eden space 65536K, 100% used [0x000000076af80000,0x000000076ef80000,0x000000076ef80000)
  from space 10752K, 48% used [0x000000076ef80000,0x000000076f4a2420,0x000000076fa00000)
  to   space 10752K, 0% used [0x000000076fa00000,0x000000076fa00000,0x0000000770480000)
 ParOldGen       total 175104K, used 32K [0x00000006c0e00000, 0x00000006cb900000, 0x000000076af80000)
  object space 175104K, 0% used [0x00000006c0e00000,0x00000006c0e08000,0x00000006cb900000)
 Metaspace       used 18202K, capacity 18649K, committed 18944K, reserved 1067008K
  class space    used 1757K, capacity 1924K, committed 2048K, reserved 1048576K
Event: 17.639 GC heap after
Heap after GC invocations=4 (full 0):
 PSYoungGen      total 76288K, used 5273K [0x000000076af80000, 0x0000000770480000, 0x00000007c0000000)
  eden space 65536K, 0% used [0x000000076af80000,0x000000076af80000,0x000000076ef80000)
  from space 10752K, 49% used [0x000000076fa00000,0x000000076ff26410,0x0000000770480000)
  to   space 10752K, 0% used [0x000000076ef80000,0x000000076ef80000,0x000000076fa00000)
 ParOldGen       total 175104K, used 40K [0x00000006c0e00000, 0x00000006cb900000, 0x000000076af80000)
  object space 175104K, 0% used [0x00000006c0e00000,0x00000006c0e0a000,0x00000006cb900000)
 Metaspace       used 18202K, capacity 18649K, committed 18944K, reserved 1067008K
  class space    used 1757K, capacity 1924K, committed 2048K, reserved 1048576K
}
Event: 22.351 GC heap before
{Heap before GC invocations=5 (full 0):
 PSYoungGen      total 76288K, used 70809K [0x000000076af80000, 0x0000000770480000, 0x00000007c0000000)
  eden space 65536K, 100% used [0x000000076af80000,0x000000076ef80000,0x000000076ef80000)
  from space 10752K, 49% used [0x000000076fa00000,0x000000076ff26410,0x0000000770480000)
  to   space 10752K, 0% used [0x000000076ef80000,0x000000076ef80000,0x000000076fa00000)
 ParOldGen       total 175104K, used 40K [0x00000006c0e00000, 0x00000006cb900000, 0x000000076af80000)
  object space 175104K, 0% used [0x00000006c0e00000,0x00000006c0e0a000,0x00000006cb900000)
 Metaspace       used 18203K, capacity 18649K, committed 18944K, reserved 1067008K
  class space    used 1757K, capacity 1924K, committed 2048K, reserved 1048576K
Event: 22.354 GC heap after
Heap after GC invocations=5 (full 0):
 PSYoungGen      total 69632K, used 5290K [0x000000076af80000, 0x0000000770200000, 0x00000007c0000000)
  eden space 64000K, 0% used [0x000000076af80000,0x000000076af80000,0x000000076ee00000)
  from space 5632K, 93% used [0x000000076ef80000,0x000000076f4aa860,0x000000076f500000)
  to   space 10240K, 0% used [0x000000076f800000,0x000000076f800000,0x0000000770200000)
 ParOldGen       total 175104K, used 48K [0x00000006c0e00000, 0x00000006cb900000, 0x000000076af80000)
  object space 175104K, 0% used [0x00000006c0e00000,0x00000006c0e0c000,0x00000006cb900000)
 Metaspace       used 18203K, capacity 18649K, committed 18944K, reserved 1067008K
  class space    used 1757K, capacity 1924K, committed 2048K, reserved 1048576K
}

