# JRE version: Java(TM) SE Runtime Environment (8.0_151-b12) (build 1.8.0_151-b12)
# Java VM: Java HotSpot(TM) 64-Bit Server VM (25.151-b12 mixed mode windows-amd64 compressed oops)
Heap:
 PSYoungGen      total 71168K, used 23382K [0x000000076af80000, 0x0000000770080000, 0x00000007c0000000)
  eden space 61440K, 37% used [0x000000076af80000,0x000000076c62dad0,0x000000076eb80000)
  from space 9728K, 1% used [0x000000076ec80000,0x000000076eca8000,0x000000076f600000)
  to   space 10752K, 0% used [0x000000076f600000,0x000000076f600000,0x0000000770080000)
 ParOldGen       total 175104K, used 5225K [0x00000006c0e00000, 0x00000006cb900000, 0x000000076af80000)
  object space 175104K, 2% used [0x00000006c0e00000,0x00000006c131a4e0,0x00000006cb900000)
 Metaspace       used 18207K, capacity 18649K, committed 18944K, reserved 1067008K
  class space    used 1758K, capacity 1924K, committed 2048K, reserved 1048576K
GC Heap History (10 events):
Event: 10.437 GC heap before
{Heap before GC invocations=3 (full 0):
 PSYoungGen      total 76288K, used 71257K [0x000000076af80000, 0x0000000770480000, 0x00000007c0000000)
  eden space 65536K, 100% used [0x000000076af80000,0x000000076ef80000,0x000000076ef80000)
  from space 10752K, 53% used [0x000000076fa00000,0x000000076ff96410,0x0000000770480000)
  to   space 10752K, 0% used [0x000000076ef80000,0x000000076ef80000,0x000000076fa00000)
 ParOldGen       total 175104K, used 24K [0x00000006c0e00000, 0x00000006cb900000, 0x000000076af80000)
  object space 175104K, 0% used [0x00000006c0e00000,0x00000006c0e06000,0x00000006cb900000)
 Metaspace       used 18201K, capacity 18649K, committed 18944K, reserved 1067008K
  class space    used 1757K, capacity 1924K, committed 2048K, reserved 1048576K
Event: 10.441 GC heap after
Heap after GC invocations=3 (full 0):
 PSYoungGen      total 76288K, used 5289K [0x000000076af80000, 0x0000000770480000, 0x00000007c0000000)
  eden space 65536K, 0% used [0x000000076af80000,0x000000076af80000,0x000000076ef80000)
  from space 10752K, 49% used [0x000000076ef80000,0x000000076f4aa420,0x000000076fa00000)
  to   space 10752K, 0% used [0x000000076fa00000,0x000000076fa00000,0x0000000770480000)
 ParOldGen       total 175104K, used 32K [0x00000006c0e00000, 0x00000006cb900000, 0x000000076af80000)
  object space 175104K, 0% used [0x00000006c0e00000,0x00000006c0e08000,0x00000006cb900000)
 Metaspace       used 18201K, capacity 18649K, committed 18944K, reserved 1067008K
  class space    used 1757K, capacity 1924K, committed 2048K, reserved 1048576K
}
Event: 19.846 GC heap before
{Heap before GC invocations=4 (full 0):
 PSYoungGen      total 76288K, used 70825K [0x000000076af80000, 0x0000000770480000, 0x00000007c0000000)
  eden space 65536K, 100% used [0x000000076af80000,0x000000076ef80000,0x000000076ef80000)
  from space 10752K, 49% used [0x000000076ef80000,0x000000076f4aa420,0x000000076fa00000)
  to   space 10752K, 0% used [0x000000076fa00000,0x000000076fa00000,0x0000000770480000)
 ParOldGen       total 175104K, used 32K [0x00000006c0e00000, 0x00000006cb900000, 0x000000076af80000)
  object space 175104K, 0% used [0x00000006c0e00000,0x00000006c0e08000,0x00000006cb900000)
 Metaspace       used 18202K, capacity 18649K, committed 18944K, reserved 1067008K
  class space    used 1757K, capacity 1924K, committed 2048K, reserved 1048576K
Event: 19.850 GC heap after
Heap after GC invocations=4 (full 0):
 PSYoungGen      total 76288K, used 5290K [0x000000076af80000, 0x0000000770480000, 0x00000007c0000000)
  eden space 65536K, 0% used [0x000000076af80000,0x000000076af80000,0x000000076ef80000)
  from space 10752K, 49% used [0x000000076fa00000,0x000000076ff2a860,0x0000000770480000)
  to   space 10752K, 0% used [0x000000076ef80000,0x000000076ef80000,0x000000076fa00000)
 ParOldGen       total 175104K, used 40K [0x00000006c0e00000, 0x00000006cb900000, 0x000000076af80000)
  object space 175104K, 0% used [0x00000006c0e00000,0x00000006c0e0a000,0x00000006cb900000)
 Metaspace       used 18202K, capacity 18649K, committed 18944K, reserved 1067008K
  class space    used 1757K, capacity 1924K, committed 2048K, reserved 1048576K
}
Event: 27.900 GC heap before
{Heap before GC invocations=5 (full 0):
 PSYoungGen      total 76288K, used 70826K [0x000000076af80000, 0x0000000770480000, 0x00000007c0000000)
  eden space 65536K, 100% used [0x000000076af80000,0x000000076ef80000,0x000000076ef80000)
  from space 10752K, 49% used [0x000000076fa00000,0x000000076ff2a860,0x0000000770480000)
  to   space 10752K, 0% used [0x000000076ef80000,0x000000076ef80000,0x000000076fa00000)
 ParOldGen       total 175104K, used 40K [0x00000006c0e00000, 0x00000006cb900000, 0x000000076af80000)
  object space 175104K, 0% used [0x00000006c0e00000,0x00000006c0e0a000,0x00000006cb900000)
 Metaspace       used 18202K, capacity 18649K, committed 18944K, reserved 1067008K
  class space    used 1757K, capacity 1924K, committed 2048K, reserved 1048576K
Event: 27.903 GC heap after
Heap after GC invocations=5 (full 0):
 PSYoungGen      total 69632K, used 5305K [0x000000076af80000, 0x0000000770200000, 0x00000007c0000000)
  eden space 64000K, 0% used [0x000000076af80000,0x000000076af80000,0x000000076ee00000)
  from space 5632K, 94% used [0x000000076ef80000,0x000000076f4ae410,0x000000076f500000)
  to   space 10240K, 0% used [0x000000076f800000,0x000000076f800000,0x0000000770200000)
 ParOldGen       total 175104K, used 48K [0x00000006c0e00000, 0x00000006cb900000, 0x000000076af80000)
  object space 175104K, 0% used [0x00000006c0e00000,0x00000006c0e0c000,0x00000006cb900000)
 Metaspace       used 18202K, capacity 18649K, committed 18944K, reserved 1067008K
  class space    used 1757K, capacity 1924K, committed 2048K, reserved 1048576K
}
Event: 34.180 GC heap before
{Heap before GC invocations=6 (full 0):
 PSYoungGen      total 69632K, used 69305K [0x000000076af80000, 0x0000000770200000, 0x00000007c0000000)
  eden space 64000K, 100% used [0x000000076af80000,0x000000076ee00000,0x000000076ee00000)
  from space 5632K, 94% used [0x000000076ef80000,0x000000076f4ae410,0x000000076f500000)
  to   space 10240K, 0% used [0x000000076f800000,0x000000076f800000,0x0000000770200000)
 ParOldGen       total 175104K, used 48K [0x00000006c0e00000, 0x00000006cb900000, 0x000000076af80000)
  object space 175104K, 0% used [0x00000006c0e00000,0x00000006c0e0c000,0x00000006cb900000)
 Metaspace       used 18202K, capacity 18649K, committed 18944K, reserved 1067008K
  class space    used 1757K, capacity 1924K, committed 2048K, reserved 1048576K
Event: 34.183 GC heap after
Heap after GC invocations=6 (full 0):
 PSYoungGen      total 70144K, used 5273K [0x000000076af80000, 0x000000076ff80000, 0x00000007c0000000)
  eden space 62464K, 0% used [0x000000076af80000,0x000000076af80000,0x000000076ec80000)
  from space 7680K, 68% used [0x000000076f800000,0x000000076fd26458,0x000000076ff80000)
  to   space 9728K, 0% used [0x000000076ec80000,0x000000076ec80000,0x000000076f600000)
 ParOldGen       total 175104K, used 56K [0x00000006c0e00000, 0x00000006cb900000, 0x000000076af80000)
  object space 175104K, 0% used [0x00000006c0e00000,0x00000006c0e0e000,0x00000006cb900000)
 Metaspace       used 18202K, capacity 18649K, committed 18944K, reserved 1067008K
  class space    used 1757K, capacity 1924K, committed 2048K, reserved 1048576K
}
Event: 39.598 GC heap before
{Heap before GC invocations=7 (full 0):
 PSYoungGen      total 70144K, used 67737K [0x000000076af80000, 0x000000076ff80000, 0x00000007c0000000)
  eden space 62464K, 100% used [0x000000076af80000,0x000000076ec80000,0x000000076ec80000)
  from space 7680K, 68% used [0x000000076f800000,0x000000076fd26458,0x000000076ff80000)
  to   space 9728K, 0% used [0x000000076ec80000,0x000000076ec80000,0x000000076f600000)
 ParOldGen       total 175104K, used 56K [0x00000006c0e00000, 0x00000006cb900000, 0x000000076af80000)
  object space 175104K, 0% used [0x00000006c0e00000,0x00000006c0e0e000,0x00000006cb900000)
 Metaspace       used 18202K, capacity 18649K, committed 18944K, reserved 1067008K
  class space    used 1757K, capacity 1924K, committed 2048K, reserved 1048576K
Event: 39.602 GC heap after
Heap after GC invocations=7 (full 0):
 PSYoungGen      total 71168K, used 160K [0x000000076af80000, 0x0000000770080000, 0x00000007c0000000)
  eden space 61440K, 0% used [0x000000076af80000,0x000000076af80000,0x000000076eb80000)
  from space 9728K, 1% used [0x000000076ec80000,0x000000076eca8000,0x000000076f600000)
  to   space 10752K, 0% used [0x000000076f600000,0x000000076f600000,0x0000000770080000)
 ParOldGen       total 175104K, used 5225K [0x00000006c0e00000, 0x00000006cb900000, 0x000000076af80000)
  object space 175104K, 2% used [0x00000006c0e00000,0x00000006c131a4e0,0x00000006cb900000)
 Metaspace       used 18202K, capacity 18649K, committed 18944K, reserved 1067008K
  class space    used 1757K, capacity 1924K, committed 2048K, reserved 1048576K
}

